<?xml version="1.0" encoding="UTF-8"?>
<testsuites name="jest tests" tests="2" failures="0" errors="0" time="6.712">
  <testsuite name="CoursesComponent" errors="0" failures="0" skipped="0" timestamp="2024-09-16T09:12:37" time="2.413" tests="1">
    <testcase classname="CoursesComponent should create" name="CoursesComponent should create" time="0.073">
    </testcase>
  </testsuite>
  <testsuite name="CoursesListComponent" errors="0" failures="0" skipped="0" timestamp="2024-09-16T09:12:37" time="2.557" tests="1">
    <testcase classname="CoursesListComponent should create" name="CoursesListComponent should create" time="0.171">
    </testcase>
  </testsuite>
</testsuites>